<?xml version="1.0" encoding="UTF-8"?>
<!-- Generated by org.testng.reporters.JUnitXMLReporter -->
<testsuite ignored="0" hostname="DESKTOP-G6LNOJB" failures="0" tests="3" name="Default test" time="4.919" errors="0" timestamp="2024-03-20T16:39:35 IST">
  <testcase classname="demo.Setuptest" name="setUp" time="2.525"/>
  <testcase classname="demo.Setuptest" name="navigate_Homepage" time="2.113"/>
  <testcase classname="demo.Setuptest" name="tearDown" time="0.228"/>
</testsuite> <!-- Default test -->
