<?xml version="1.0" encoding="UTF-8"?>
<testng-results ignored="0" total="3" passed="3" failed="0" skipped="0">
  <reporter-output>
  </reporter-output>
  <suite started-at="2024-03-20T16:39:30 IST" name="Default suite" finished-at="2024-03-20T16:39:35 IST" duration-ms="4919">
    <groups>
    </groups>
    <test started-at="2024-03-20T16:39:30 IST" name="Default test" finished-at="2024-03-20T16:39:35 IST" duration-ms="4919">
      <class name="demo.Setuptest">
        <test-method signature="setUp()[pri:1, instance:demo.Setuptest@5c5eefef]" started-at="2024-03-20T16:39:30 IST" name="setUp" finished-at="2024-03-20T16:39:32 IST" duration-ms="2525" status="PASS">
          <reporter-output>
          </reporter-output>
        </test-method> <!-- setUp -->
        <test-method signature="navigate_Homepage()[pri:2, instance:demo.Setuptest@5c5eefef]" started-at="2024-03-20T16:39:32 IST" name="navigate_Homepage" finished-at="2024-03-20T16:39:35 IST" duration-ms="2113" status="PASS">
          <reporter-output>
          </reporter-output>
        </test-method> <!-- navigate_Homepage -->
        <test-method signature="tearDown()[pri:3, instance:demo.Setuptest@5c5eefef]" started-at="2024-03-20T16:39:35 IST" name="tearDown" finished-at="2024-03-20T16:39:35 IST" duration-ms="228" status="PASS">
          <reporter-output>
          </reporter-output>
        </test-method> <!-- tearDown -->
      </class> <!-- demo.Setuptest -->
    </test> <!-- Default test -->
  </suite> <!-- Default suite -->
</testng-results>
